// 重构日志: b471f209
// 重构日志: f36365c2
// 同步 ID: f8d14880 @ Sun Jun 28 12:47:55 UTC 2026
// 同步 ID: 984c9980 @ Sun Jun 28 17:57:31 UTC 2026
// 同步 ID: 2b3475fe @ Mon Jun 29 00:30:33 UTC 2026
// 同步 ID: b99cf44c @ Tue Jun 30 05:15:57 UTC 2026
// 同步 ID: 1e9a7979 @ Tue Jun 30 09:24:19 UTC 2026
// 同步 ID: 8ab1c63a @ Tue Jun 30 15:51:51 UTC 2026
// 同步 ID: 2aa4c1a6 @ Wed Jul  1 13:52:36 UTC 2026
// 同步 ID: fe1d3771 @ Thu Jul  2 16:20:59 UTC 2026
// 重构日志: 95c2416d
// 重构日志: 433a3635
// 同步 ID: 42591c96 @ Sat Jul  4 09:37:45 UTC 2026
// 同步 ID: 9ff02733 @ Sun Jul  5 08:25:22 UTC 2026
// 同步 ID: 32cf7230 @ Sun Jul  5 11:07:07 UTC 2026
// 同步 ID: c6a5b31d @ Sun Jul  5 16:36:55 UTC 2026
// 重构日志: 3de39724
// 重构日志: c87eb78c
// 同步 ID: 00da38bf @ Wed Jul  8 17:50:05 UTC 2026
// 同步 ID: 8b5600ed @ Thu Jul  9 14:26:26 UTC 2026
// 重构日志: e2263422
// 重构日志: 3c6c6f91
// 重构日志: cb5d2eeb
// 重构日志: 5ee12302
// 重构日志: 072b5c61
// 同步 ID: 337e31b6 @ Sat Jul 11 10:05:07 UTC 2026
// 重构日志: b1856801
// 同步 ID: ab9339d5 @ Sat Jul 11 15:56:28 UTC 2026
// 重构日志: fcecb5f0
// 同步 ID: ea3282d0 @ Sun Jul 12 08:22:28 UTC 2026
